c:\users\ingar\source\repos\tesi\tesi\x64\debug\vc142.pdb
c:\users\ingar\source\repos\tesi\tesi\x64\debug\vc142.idb
c:\users\ingar\source\repos\tesi\tesi\x64\debug\test.obj
x64\debug\kernel.cu.obj
c:\users\ingar\source\repos\tesi\x64\debug\tesi.exe
c:\users\ingar\source\repos\tesi\x64\debug\tesi.ilk
c:\users\ingar\source\repos\tesi\x64\debug\tesi.pdb
c:\users\ingar\source\repos\tesi\x64\debug\tesi.lib
c:\users\ingar\source\repos\tesi\x64\debug\tesi.exp
c:\users\ingar\source\repos\tesi\tesi\x64\debug\kernel.cu.cache
c:\users\ingar\source\repos\tesi\tesi\x64\debug\kernel.cu.obj
c:\users\ingar\source\repos\tesi\tesi\x64\debug\tesi.tlog\cl.command.1.tlog
c:\users\ingar\source\repos\tesi\tesi\x64\debug\tesi.tlog\cl.read.1.tlog
c:\users\ingar\source\repos\tesi\tesi\x64\debug\tesi.tlog\cl.write.1.tlog
c:\users\ingar\source\repos\tesi\tesi\x64\debug\tesi.tlog\cudacompile.read.1u.tlog
c:\users\ingar\source\repos\tesi\tesi\x64\debug\tesi.tlog\cudacompile.write.1u.tlog
c:\users\ingar\source\repos\tesi\tesi\x64\debug\tesi.tlog\link.command.1.tlog
c:\users\ingar\source\repos\tesi\tesi\x64\debug\tesi.tlog\link.read.1.tlog
c:\users\ingar\source\repos\tesi\tesi\x64\debug\tesi.tlog\link.write.1.tlog
c:\users\ingar\source\repos\tesi\tesi\x64\debug\tesi.tlog\tesi.write.1u.tlog
